00000000	EQU 0800BH
duty1		EQU 08089H
duty2		EQU 08094H
duty3		EQU 080A0H
exit		EQU 08029H
fx15lp		EQU 08914H
fx15lp2		EQU 0891EH
fx5lp		EQU 08940H
fx5lp2		EQU 0894AH
fxCutCh1	EQU 081EDH
fxCutCh2	EQU 081FAH
fxCutCh3	EQU 08209H
fxJump		EQU 080BAH
fxNone		EQU 080A8H
fxSetDCh1	EQU 0812FH
fxSetDCh12	EQU 08156H
fxSetDCh123	EQU 0817AH
fxSetDCh13	EQU 08168H
fxSetDCh2	EQU 0813CH
fxSetDCh23	EQU 08190H
fxSetDCh3	EQU 08149H
fxSetFCh1	EQU 080C3H
fxSetFCh12	EQU 080EAH
fxSetFCh123	EQU 0810BH
fxSetFCh123Cont	EQU 08117H
fxSetFCh12Cont	EQU 080F4H
fxSetFCh13	EQU 080FAH
fxSetFCh13Cont	EQU 08105H
fxSetFCh1Cont	EQU 080CCH
fxSetFCh2	EQU 080D1H
fxSetFCh23	EQU 0811EH
fxSetFCh23Cont	EQU 08129H
fxSetFCh2Cont	EQU 080DAH
fxSetFCh3	EQU 080DFH
fxSetFCh3Cont	EQU 080E7H
fxStartNoiseCont EQU 081EDH
fxStartNoiseSetFCh1 EQU 081C3H
fxStartNoiseSetFCh1Cont EQU 081E1H
fxStop		EQU 080B1H
fxStopNoise	EQU 081A2H
fxStopNoiseCont	EQU 081D3H
fxStopNoiseSetFCh1 EQU 081B4H
fxtab1		EQU 08AD0H
fxtab15		EQU 088FAH
fxtab16		EQU 08952H
fxtab17		EQU 089A2H
fxtab18		EQU 08A16H
fxtab2		EQU 08AD2H
fxtab3		EQU 08AB2H
fxtab4		EQU 08A7EH
fxtab5		EQU 08926H
fxtab6		EQU 0897AH
fxtab7		EQU 089DCH
fxtab8		EQU 08A4AH
init		EQU 08001H
intro		EQU 08231H
introb		EQU 082F2H
loop		EQU 08227H
maskKempston	EQU 08037H
musicdata	EQU 08217H
noNoise		EQU 08050H
noise		EQU 08086H
oldSP		EQU 0802AH
patpntr		EQU 08042H
play		EQU 0807EH
ptn00		EQU 083B3H
ptn01		EQU 08474H
ptn02		EQU 08535H
ptn03		EQU 085F6H
ptn04		EQU 086B7H
ptn05		EQU 08778H
ptn06		EQU 08839H
rdptn		EQU 08034H
rdptn0		EQU 08030H
rdseq		EQU 08018H
seqpntr		EQU 08019H
